<?xml version="1.0" encoding="UTF-8"?>
<coverage generated="1563722930157" clover="3.2.0">
  <project timestamp="1563722930157" name="All files">
    <metrics statements="15" coveredstatements="12" conditionals="2" coveredconditionals="2" methods="6" coveredmethods="3" elements="23" coveredelements="17" complexity="0" loc="15" ncloc="15" packages="4" files="4" classes="4"/>
    <package name="mock">
      <metrics statements="0" coveredstatements="0" conditionals="0" coveredconditionals="0" methods="0" coveredmethods="0"/>
      <file name="mockNews.js" path="D:\EDT\react-app\nytimes-articles\mock\mockNews.js">
        <metrics statements="0" coveredstatements="0" conditionals="0" coveredconditionals="0" methods="0" coveredmethods="0"/>
      </file>
    </package>
    <package name="src.components">
      <metrics statements="10" coveredstatements="8" conditionals="2" coveredconditionals="2" methods="3" coveredmethods="1"/>
      <file name="NewsList.js" path="D:\EDT\react-app\nytimes-articles\src\components\NewsList.js">
        <metrics statements="10" coveredstatements="8" conditionals="2" coveredconditionals="2" methods="3" coveredmethods="1"/>
        <line num="5" count="2" type="stmt"/>
        <line num="6" count="6" type="stmt"/>
        <line num="7" count="0" type="stmt"/>
        <line num="13" count="6" type="stmt"/>
        <line num="14" count="6" type="stmt"/>
        <line num="15" count="30" type="stmt"/>
        <line num="18" count="6" type="cond" truecount="2" falsecount="0"/>
        <line num="19" count="4" type="stmt"/>
        <line num="21" count="2" type="stmt"/>
        <line num="27" count="0" type="stmt"/>
      </file>
    </package>
    <package name="src.layouts">
      <metrics statements="2" coveredstatements="2" conditionals="0" coveredconditionals="0" methods="1" coveredmethods="1"/>
      <file name="index.js" path="D:\EDT\react-app\nytimes-articles\src\layouts\index.js">
        <metrics statements="2" coveredstatements="2" conditionals="0" coveredconditionals="0" methods="1" coveredmethods="1"/>
        <line num="3" count="1" type="stmt"/>
        <line num="6" count="1" type="stmt"/>
      </file>
    </package>
    <package name="src.pages">
      <metrics statements="3" coveredstatements="2" conditionals="0" coveredconditionals="0" methods="2" coveredmethods="1"/>
      <file name="index.js" path="D:\EDT\react-app\nytimes-articles\src\pages\index.js">
        <metrics statements="3" coveredstatements="2" conditionals="0" coveredconditionals="0" methods="2" coveredmethods="1"/>
        <line num="6" count="1" type="stmt"/>
        <line num="7" count="3" type="stmt"/>
        <line num="15" count="0" type="stmt"/>
      </file>
    </package>
  </project>
</coverage>
