{"D:\\EDT\\react-app\\nytimes-articles\\mock\\mockNews.js": {"path":"D:\\EDT\\react-app\\nytimes-articles\\mock\\mockNews.js","statementMap":{},"fnMap":{},"branchMap":{},"s":{},"f":{},"b":{},"_coverageSchema":"43e27e138ebf9cfc5966b082cf9a028302ed4184","hash":"232521f47aafcc857c7988411bbd637c133b9b01"}
,"D:\\EDT\\react-app\\nytimes-articles\\src\\components\\NewsList.js": {"path":"D:\\EDT\\react-app\\nytimes-articles\\src\\components\\NewsList.js","statementMap":{"0":{"start":{"line":5,"column":17},"end":{"line":60,"column":1}},"1":{"start":{"line":6,"column":19},"end":{"line":11,"column":3}},"2":{"start":{"line":7,"column":4},"end":{"line":10,"column":11}},"3":{"start":{"line":13,"column":21},"end":{"line":13,"column":23}},"4":{"start":{"line":14,"column":2},"end":{"line":16,"column":3}},"5":{"start":{"line":14,"column":15},"end":{"line":14,"column":16}},"6":{"start":{"line":15,"column":4},"end":{"line":15,"column":99}},"7":{"start":{"line":18,"column":2},"end":{"line":59,"column":3}},"8":{"start":{"line":19,"column":4},"end":{"line":19,"column":24}},"9":{"start":{"line":21,"column":4},"end":{"line":58,"column":6}},"10":{"start":{"line":27,"column":10},"end":{"line":55,"column":22}}},"fnMap":{"0":{"name":"(anonymous_0)","decl":{"start":{"line":5,"column":17},"end":{"line":5,"column":18}},"loc":{"start":{"line":5,"column":31},"end":{"line":60,"column":1}},"line":5},"1":{"name":"(anonymous_1)","decl":{"start":{"line":6,"column":19},"end":{"line":6,"column":20}},"loc":{"start":{"line":7,"column":4},"end":{"line":10,"column":11}},"line":7},"2":{"name":"(anonymous_2)","decl":{"start":{"line":26,"column":20},"end":{"line":26,"column":21}},"loc":{"start":{"line":27,"column":10},"end":{"line":55,"column":22}},"line":27}},"branchMap":{"0":{"loc":{"start":{"line":18,"column":2},"end":{"line":59,"column":3}},"type":"if","locations":[{"start":{"line":18,"column":2},"end":{"line":59,"column":3}},{"start":{"line":18,"column":2},"end":{"line":59,"column":3}}],"line":18}},"s":{"0":2,"1":6,"2":0,"3":6,"4":6,"5":6,"6":30,"7":6,"8":4,"9":2,"10":0},"f":{"0":6,"1":0,"2":0},"b":{"0":[4,2]},"_coverageSchema":"43e27e138ebf9cfc5966b082cf9a028302ed4184","hash":"56397f98c9a970fd0ae38ba0792a91855d3c1b0d"}
,"D:\\EDT\\react-app\\nytimes-articles\\src\\layouts\\index.js": {"path":"D:\\EDT\\react-app\\nytimes-articles\\src\\layouts\\index.js","statementMap":{"0":{"start":{"line":3,"column":43},"end":{"line":3,"column":49}},"1":{"start":{"line":6,"column":2},"end":{"line":15,"column":4}}},"fnMap":{"0":{"name":"BasicLayout","decl":{"start":{"line":5,"column":9},"end":{"line":5,"column":20}},"loc":{"start":{"line":5,"column":28},"end":{"line":16,"column":1}},"line":5}},"branchMap":{},"s":{"0":1,"1":1},"f":{"0":1},"b":{},"_coverageSchema":"43e27e138ebf9cfc5966b082cf9a028302ed4184","hash":"18d05eccfa04b82936f26fb1fc9cf36bbda533e4"}
,"D:\\EDT\\react-app\\nytimes-articles\\src\\pages\\index.js": {"path":"D:\\EDT\\react-app\\nytimes-articles\\src\\pages\\index.js","statementMap":{"0":{"start":{"line":6,"column":21},"end":{"line":12,"column":1}},"1":{"start":{"line":7,"column":2},"end":{"line":11,"column":4}},"2":{"start":{"line":15,"column":38},"end":{"line":17,"column":1}}},"fnMap":{"0":{"name":"(anonymous_0)","decl":{"start":{"line":6,"column":21},"end":{"line":6,"column":22}},"loc":{"start":{"line":6,"column":45},"end":{"line":12,"column":1}},"line":6},"1":{"name":"(anonymous_1)","decl":{"start":{"line":15,"column":23},"end":{"line":15,"column":24}},"loc":{"start":{"line":15,"column":38},"end":{"line":17,"column":1}},"line":15}},"branchMap":{},"s":{"0":1,"1":3,"2":0},"f":{"0":3,"1":0},"b":{},"_coverageSchema":"43e27e138ebf9cfc5966b082cf9a028302ed4184","hash":"e30055a9c6534bf79be0c9f426dfe8bf3381c2bd"}
}
