{"/home/divineblessings/Workspace/NYTimeArticles/src/layouts/index.js": {"path":"/home/divineblessings/Workspace/NYTimeArticles/src/layouts/index.js","statementMap":{"0":{"start":{"line":3,"column":43},"end":{"line":3,"column":49}},"1":{"start":{"line":6,"column":2},"end":{"line":15,"column":4}}},"fnMap":{"0":{"name":"BasicLayout","decl":{"start":{"line":5,"column":9},"end":{"line":5,"column":20}},"loc":{"start":{"line":5,"column":28},"end":{"line":16,"column":1}},"line":5}},"branchMap":{},"s":{"0":1,"1":1},"f":{"0":1},"b":{},"_coverageSchema":"43e27e138ebf9cfc5966b082cf9a028302ed4184","hash":"86e13e8860042ca94067d577806bb511fd3ec0c7"}
}
