TN:
SF:D:\EDT\react-app\nytimes-articles\mock\mockNews.js
FNF:0
FNH:0
LF:0
LH:0
BRF:0
BRH:0
end_of_record
TN:
SF:D:\EDT\react-app\nytimes-articles\src\components\NewsList.js
FN:5,(anonymous_0)
FN:6,(anonymous_1)
FN:26,(anonymous_2)
FNF:3
FNH:1
FNDA:6,(anonymous_0)
FNDA:0,(anonymous_1)
FNDA:0,(anonymous_2)
DA:5,2
DA:6,6
DA:7,0
DA:13,6
DA:14,6
DA:15,30
DA:18,6
DA:19,4
DA:21,2
DA:27,0
LF:10
LH:8
BRDA:18,0,0,4
BRDA:18,0,1,2
BRF:2
BRH:2
end_of_record
TN:
SF:D:\EDT\react-app\nytimes-articles\src\layouts\index.js
FN:5,BasicLayout
FNF:1
FNH:1
FNDA:1,BasicLayout
DA:3,1
DA:6,1
LF:2
LH:2
BRF:0
BRH:0
end_of_record
TN:
SF:D:\EDT\react-app\nytimes-articles\src\pages\index.js
FN:6,(anonymous_0)
FN:15,(anonymous_1)
FNF:2
FNH:1
FNDA:3,(anonymous_0)
FNDA:0,(anonymous_1)
DA:6,1
DA:7,3
DA:15,0
LF:3
LH:2
BRF:0
BRH:0
end_of_record
